Exporter version: 2.93.5, Blender version: 3.1.0
========= Conversion from Blender to Babylon.js =========
	Scene settings used :
		Inline textures     :  false
		Material Type       :  PBR
		Positions Precision :  4
		Normals Precision   :  3
		UVs Precision       :  3
		Vert Color Precision:  3
		Mat Weight Precision:  2
		Keep Z-up r-handed  :  no
		Texture directory   :  /home/alecell/projects/babylonjs/catrun/public/assets/scene-1/meshes/
	Python World class constructor completed
	WARNING: No active camera has been assigned, or is not in a currently enabled collection
	processing begun of mesh:  12221_Cat_v1_l3
		processing begun of material:  Cat
			processing texture 
				WARNING: Exception during copy:
					Error: Could not write image: Is a directory, '/home/alecell/projects/babylonjs/catrun/public/assets/scene-1/meshes/.'

				texture type:  bumpTexture, mapped using: "UVMap"
			processing texture 
				WARNING: Exception during copy:
					Error: Could not write image: Is a directory, '/home/alecell/projects/babylonjs/catrun/public/assets/scene-1/meshes/.'

				texture type:  diffuseTexture, mapped using: "UVMap"
		Custom split normals with tangents being used
		num positions      :  36788
		num normals        :  36788
		num tangents       :  147152
		num uvs            :  73576
		num uvs2           :  0
		num colors         :  0
		num triangles      :  70576
========= Writing of JSON file started =========
	writing mesh:  12221_Cat_v1_l3
========= Writing of JSON file completed =========
========= end of processing =========
elapsed time:  0 min, 4.6482 secs
