Exporter version: 2.93.5, Blender version: 3.2.0
========= Conversion from Blender to Babylon.js =========
	Scene settings used :
		Inline textures     :  false
		Material Type       :  PBR
		Positions Precision :  4
		Normals Precision   :  3
		UVs Precision       :  3
		Vert Color Precision:  3
		Mat Weight Precision:  2
		Keep Z-up r-handed  :  no
		Texture directory   :  C:\Users\junio\OneDrive\Área de Trabalho\Cidaes\Cidade 1\
	Python World class constructor completed
	WARNING: No active camera has been assigned, or is not in a currently enabled collection
	processing begun of mesh:  Viridian City House
		processing begun of material:  mado
		processing begun of material:  kage
		processing begun of material:  lambert2
		processing begun of material:  lambert3
		processing begun of material:  h_mado
		processing begun of material:  h_kage
		processing begun of material:  h_in
		processing begun of material:  hdc_h01b
		processing begun of material:  h_mado.001
		processing begun of material:  h_kage.001
		processing begun of material:  hdc_h01b.001
		processing begun of material:  c5ch
		processing begun of material:  h_kage.002
		processing begun of material:  c5ch2
		processing begun of material:  c5ch3
		processing begun of material:  h_mado.002
		processing begun of material:  h_kage.003
		processing begun of material:  c5house1a
		processing begun of material:  c5house1b
		processing begun of material:  h_mado.003
		processing begun of material:  h_kage.004
		processing begun of material:  c5house1a.001
		processing begun of material:  c5house1b.001
		processing begun of material:  h_mado.004
		processing begun of material:  h_kage.005
		processing begun of material:  en_h01a_2
		processing begun of material:  en_h01a_1
		processing begun of material:  h_mado.005
		processing begun of material:  h_kage.006
		processing begun of material:  en_h01a_2.001
		processing begun of material:  en_h01a_1.001
		processing begun of material:  h_kage.007
		processing begun of material:  h_mado.006
		processing begun of material:  c1_b01_1
		processing begun of material:  c1_b01_3
		processing begun of material:  c1_b01_4_lm3
		processing begun of material:  h_kage_lm3
		processing begun of material:  c1_b02_1_lm3
		processing begun of material:  c1_b01_4_lm1
		processing begun of material:  h_kage_lm1
		processing begun of material:  c1_b01_1_lm1
		processing begun of material:  c1_b01_3_lm1
		processing begun of material:  h_mado_lm1
		processing begun of material:  h_kage_lm1.001
		processing begun of material:  wak_h01_a_lm1
		processing begun of material:  c1_b01_4_lm3.001
		processing begun of material:  h_kage_lm3.001
		processing begun of material:  c1_b02_1_lm3.001
			processing texture mado
				WARNING: Exception during copy:
					[Errno 2] No such file or directory: 'C:\\Users\\junio\\OneDrive\\Área de Trabalho\\destkop linux-20220604T233057Z-001\\destkop linux\\..\\Downloads\\DS DSi - Pokemon HeartGold SoulSilver - Viridian City Houses\\Viridian City House 1\\mado.png'
				texture type:  diffuseTexture, mapped using: "UVMap"
			processing texture kage
				WARNING: Exception during copy:
					[Errno 2] No such file or directory: 'C:\\Users\\junio\\OneDrive\\Área de Trabalho\\destkop linux-20220604T233057Z-001\\destkop linux\\..\\Downloads\\DS DSi - Pokemon HeartGold SoulSilver - Viridian City Houses\\Viridian City House 1\\kage.png'
				texture type:  diffuseTexture, mapped using: "UVMap"
			processing texture lambert2
				WARNING: Exception during copy:
					[Errno 2] No such file or directory: 'C:\\Users\\junio\\OneDrive\\Área de Trabalho\\destkop linux-20220604T233057Z-001\\destkop linux\\..\\Downloads\\DS DSi - Pokemon HeartGold SoulSilver - Viridian City Houses\\Viridian City House 1\\lambert2.png'
				texture type:  diffuseTexture, mapped using: "UVMap"
			processing texture lambert3
				WARNING: Exception during copy:
					[Errno 2] No such file or directory: 'C:\\Users\\junio\\OneDrive\\Área de Trabalho\\destkop linux-20220604T233057Z-001\\destkop linux\\..\\Downloads\\DS DSi - Pokemon HeartGold SoulSilver - Viridian City Houses\\Viridian City House 1\\lambert3.png'
				texture type:  diffuseTexture, mapped using: "UVMap"
			processing texture h_mado
				WARNING: Exception during copy:
					[Errno 2] No such file or directory: 'C:\\Users\\junio\\OneDrive\\Área de Trabalho\\destkop linux-20220604T233057Z-001\\destkop linux\\..\\Downloads\\DS DSi - Pokemon HeartGold SoulSilver - Cerulean City Houses\\Cerulean City House 1\\h_mado.png'
				texture type:  diffuseTexture, mapped using: "UVMap"
			processing texture h_kage
				WARNING: Exception during copy:
					[Errno 2] No such file or directory: 'C:\\Users\\junio\\OneDrive\\Área de Trabalho\\destkop linux-20220604T233057Z-001\\destkop linux\\..\\Downloads\\DS DSi - Pokemon HeartGold SoulSilver - Cerulean City Houses\\Cerulean City House 1\\h_kage.png'
				texture type:  diffuseTexture, mapped using: "UVMap"
			processing texture h_in
				WARNING: Exception during copy:
					[Errno 2] No such file or directory: 'C:\\Users\\junio\\OneDrive\\Área de Trabalho\\destkop linux-20220604T233057Z-001\\destkop linux\\..\\Downloads\\DS DSi - Pokemon HeartGold SoulSilver - Cerulean City Houses\\Cerulean City House 1\\h_in.png'
				texture type:  diffuseTexture, mapped using: "UVMap"
			processing texture hdc_h01b
				WARNING: Exception during copy:
					[Errno 2] No such file or directory: 'C:\\Users\\junio\\OneDrive\\Área de Trabalho\\destkop linux-20220604T233057Z-001\\destkop linux\\..\\Downloads\\DS DSi - Pokemon HeartGold SoulSilver - Cerulean City Houses\\Cerulean City House 1\\hdc_h01b.png'
				texture type:  diffuseTexture, mapped using: "UVMap"
			processing texture h_mado
				WARNING: Exception during copy:
					[Errno 2] No such file or directory: 'C:\\Users\\junio\\OneDrive\\Área de Trabalho\\destkop linux-20220604T233057Z-001\\destkop linux\\..\\Downloads\\DS DSi - Pokemon HeartGold SoulSilver - Cerulean City Houses\\Cerulean City House 2\\h_mado.png'
				texture type:  diffuseTexture, mapped using: "UVMap"
			processing texture h_kage
				WARNING: Exception during copy:
					[Errno 2] No such file or directory: 'C:\\Users\\junio\\OneDrive\\Área de Trabalho\\destkop linux-20220604T233057Z-001\\destkop linux\\..\\Downloads\\DS DSi - Pokemon HeartGold SoulSilver - Cerulean City Houses\\Cerulean City House 2\\h_kage.png'
				texture type:  diffuseTexture, mapped using: "UVMap"
			processing texture hdc_h01b
				WARNING: Exception during copy:
					[Errno 2] No such file or directory: 'C:\\Users\\junio\\OneDrive\\Área de Trabalho\\destkop linux-20220604T233057Z-001\\destkop linux\\..\\Downloads\\DS DSi - Pokemon HeartGold SoulSilver - Cerulean City Houses\\Cerulean City House 2\\hdc_h01b.png'
				texture type:  diffuseTexture, mapped using: "UVMap"
			processing texture c5ch
				WARNING: Exception during copy:
					[Errno 2] No such file or directory: 'C:\\Users\\junio\\OneDrive\\Área de Trabalho\\destkop linux-20220604T233057Z-001\\destkop linux\\..\\Downloads\\DS DSi - Pokemon Black White - Driftveil City Building\\c5ch.png'
				texture type:  diffuseTexture, mapped using: "UVMap"
			processing texture h_kage
				WARNING: Exception during copy:
					[Errno 2] No such file or directory: 'C:\\Users\\junio\\OneDrive\\Área de Trabalho\\destkop linux-20220604T233057Z-001\\destkop linux\\..\\Downloads\\DS DSi - Pokemon Black White - Driftveil City Building\\h_kage.png'
				texture type:  diffuseTexture, mapped using: "UVMap"
			processing texture c5ch2
				WARNING: Exception during copy:
					[Errno 2] No such file or directory: 'C:\\Users\\junio\\OneDrive\\Área de Trabalho\\destkop linux-20220604T233057Z-001\\destkop linux\\..\\Downloads\\DS DSi - Pokemon Black White - Driftveil City Building\\c5ch2.png'
				texture type:  diffuseTexture, mapped using: "UVMap"
			processing texture c5ch3
				WARNING: Exception during copy:
					[Errno 2] No such file or directory: 'C:\\Users\\junio\\OneDrive\\Área de Trabalho\\destkop linux-20220604T233057Z-001\\destkop linux\\..\\Downloads\\DS DSi - Pokemon Black White - Driftveil City Building\\c5ch3.png'
				texture type:  diffuseTexture, mapped using: "UVMap"
			processing texture h_mado
				WARNING: Exception during copy:
					[Errno 2] No such file or directory: 'C:\\Users\\junio\\OneDrive\\Área de Trabalho\\destkop linux-20220604T233057Z-001\\destkop linux\\..\\Downloads\\DS DSi - Pokemon Black White - Driftveil City Houses\\Driftviel City House 1\\h_mado.png'
				texture type:  diffuseTexture, mapped using: "UVMap"
			processing texture h_kage
				WARNING: Exception during copy:
					[Errno 2] No such file or directory: 'C:\\Users\\junio\\OneDrive\\Área de Trabalho\\destkop linux-20220604T233057Z-001\\destkop linux\\..\\Downloads\\DS DSi - Pokemon Black White - Driftveil City Houses\\Driftviel City House 1\\h_kage.png'
				texture type:  diffuseTexture, mapped using: "UVMap"
			processing texture c5house1a
				WARNING: Exception during copy:
					[Errno 2] No such file or directory: 'C:\\Users\\junio\\OneDrive\\Área de Trabalho\\destkop linux-20220604T233057Z-001\\destkop linux\\..\\Downloads\\DS DSi - Pokemon Black White - Driftveil City Houses\\Driftviel City House 1\\c5house1a.png'
				texture type:  diffuseTexture, mapped using: "UVMap"
			processing texture c5house1b
				WARNING: Exception during copy:
					[Errno 2] No such file or directory: 'C:\\Users\\junio\\OneDrive\\Área de Trabalho\\destkop linux-20220604T233057Z-001\\destkop linux\\..\\Downloads\\DS DSi - Pokemon Black White - Driftveil City Houses\\Driftviel City House 1\\c5house1b.png'
				texture type:  diffuseTexture, mapped using: "UVMap"
			processing texture h_mado
				WARNING: Exception during copy:
					[Errno 2] No such file or directory: 'C:\\Users\\junio\\OneDrive\\Área de Trabalho\\destkop linux-20220604T233057Z-001\\destkop linux\\..\\Downloads\\DS DSi - Pokemon Black White - Driftveil City Houses\\Driftviel City House 2\\h_mado.png'
				texture type:  diffuseTexture, mapped using: "UVMap"
			processing texture h_kage
				WARNING: Exception during copy:
					[Errno 2] No such file or directory: 'C:\\Users\\junio\\OneDrive\\Área de Trabalho\\destkop linux-20220604T233057Z-001\\destkop linux\\..\\Downloads\\DS DSi - Pokemon Black White - Driftveil City Houses\\Driftviel City House 2\\h_kage.png'
				texture type:  diffuseTexture, mapped using: "UVMap"
			processing texture c5house1a
				WARNING: Exception during copy:
					[Errno 2] No such file or directory: 'C:\\Users\\junio\\OneDrive\\Área de Trabalho\\destkop linux-20220604T233057Z-001\\destkop linux\\..\\Downloads\\DS DSi - Pokemon Black White - Driftveil City Houses\\Driftviel City House 2\\c5house1a.png'
				texture type:  diffuseTexture, mapped using: "UVMap"
			processing texture c5house1b
				WARNING: Exception during copy:
					[Errno 2] No such file or directory: 'C:\\Users\\junio\\OneDrive\\Área de Trabalho\\destkop linux-20220604T233057Z-001\\destkop linux\\..\\Downloads\\DS DSi - Pokemon Black White - Driftveil City Houses\\Driftviel City House 2\\c5house1b.png'
				texture type:  diffuseTexture, mapped using: "UVMap"
			processing texture h_mado
				WARNING: Exception during copy:
					[Errno 2] No such file or directory: 'C:\\Users\\junio\\OneDrive\\Área de Trabalho\\destkop linux-20220604T233057Z-001\\destkop linux\\..\\Downloads\\DS DSi - Pokemon HeartGold SoulSilver - Ecruteak City Houses\\Ecruteak City Building\\h_mado.png'
				texture type:  diffuseTexture, mapped using: "UVMap"
			processing texture h_kage
				WARNING: Exception during copy:
					[Errno 2] No such file or directory: 'C:\\Users\\junio\\OneDrive\\Área de Trabalho\\destkop linux-20220604T233057Z-001\\destkop linux\\..\\Downloads\\DS DSi - Pokemon HeartGold SoulSilver - Ecruteak City Houses\\Ecruteak City Building\\h_kage.png'
				texture type:  diffuseTexture, mapped using: "UVMap"
			processing texture en_h01a_2
				WARNING: Exception during copy:
					[Errno 2] No such file or directory: 'C:\\Users\\junio\\OneDrive\\Área de Trabalho\\destkop linux-20220604T233057Z-001\\destkop linux\\..\\Downloads\\DS DSi - Pokemon HeartGold SoulSilver - Ecruteak City Houses\\Ecruteak City Building\\en_h01a_2.png'
				texture type:  diffuseTexture, mapped using: "UVMap"
			processing texture en_h01a_1
				WARNING: Exception during copy:
					[Errno 2] No such file or directory: 'C:\\Users\\junio\\OneDrive\\Área de Trabalho\\destkop linux-20220604T233057Z-001\\destkop linux\\..\\Downloads\\DS DSi - Pokemon HeartGold SoulSilver - Ecruteak City Houses\\Ecruteak City Building\\en_h01a_1.png'
				texture type:  diffuseTexture, mapped using: "UVMap"
			processing texture h_mado
				WARNING: Exception during copy:
					[Errno 2] No such file or directory: 'C:\\Users\\junio\\OneDrive\\Área de Trabalho\\destkop linux-20220604T233057Z-001\\destkop linux\\..\\Downloads\\DS DSi - Pokemon HeartGold SoulSilver - Ecruteak City Houses\\Ecruteak City House\\h_mado.png'
				texture type:  diffuseTexture, mapped using: "UVMap"
			processing texture h_kage
				WARNING: Exception during copy:
					[Errno 2] No such file or directory: 'C:\\Users\\junio\\OneDrive\\Área de Trabalho\\destkop linux-20220604T233057Z-001\\destkop linux\\..\\Downloads\\DS DSi - Pokemon HeartGold SoulSilver - Ecruteak City Houses\\Ecruteak City House\\h_kage.png'
				texture type:  diffuseTexture, mapped using: "UVMap"
			processing texture en_h01a_2
				WARNING: Exception during copy:
					[Errno 2] No such file or directory: 'C:\\Users\\junio\\OneDrive\\Área de Trabalho\\destkop linux-20220604T233057Z-001\\destkop linux\\..\\Downloads\\DS DSi - Pokemon HeartGold SoulSilver - Ecruteak City Houses\\Ecruteak City House\\en_h01a_2.png'
				texture type:  diffuseTexture, mapped using: "UVMap"
			processing texture en_h01a_1
				WARNING: Exception during copy:
					[Errno 2] No such file or directory: 'C:\\Users\\junio\\OneDrive\\Área de Trabalho\\destkop linux-20220604T233057Z-001\\destkop linux\\..\\Downloads\\DS DSi - Pokemon HeartGold SoulSilver - Ecruteak City Houses\\Ecruteak City House\\en_h01a_1.png'
				texture type:  diffuseTexture, mapped using: "UVMap"
			processing texture h_kage
				WARNING: Exception during copy:
					[Errno 2] No such file or directory: 'C:\\Users\\junio\\OneDrive\\Área de Trabalho\\destkop linux-20220604T233057Z-001\\destkop linux\\..\\Downloads\\DS DSi - Pokemon Platinum - Jubilife City Buildings (1)\\Jubilife City Building 1\\h_kage.png'
				texture type:  diffuseTexture, mapped using: "UVMap"
			processing texture h_mado
				WARNING: Exception during copy:
					[Errno 2] No such file or directory: 'C:\\Users\\junio\\OneDrive\\Área de Trabalho\\destkop linux-20220604T233057Z-001\\destkop linux\\..\\Downloads\\DS DSi - Pokemon Platinum - Jubilife City Buildings (1)\\Jubilife City Building 1\\h_mado.png'
				texture type:  diffuseTexture, mapped using: "UVMap"
			processing texture c1_b01_1
				WARNING: Exception during copy:
					[Errno 2] No such file or directory: 'C:\\Users\\junio\\OneDrive\\Área de Trabalho\\destkop linux-20220604T233057Z-001\\destkop linux\\..\\Downloads\\DS DSi - Pokemon Platinum - Jubilife City Buildings (1)\\Jubilife City Building 1\\c1_b01_1.png'
				texture type:  diffuseTexture, mapped using: "UVMap"
			processing texture c1_b01_3
				WARNING: Exception during copy:
					[Errno 2] No such file or directory: 'C:\\Users\\junio\\OneDrive\\Área de Trabalho\\destkop linux-20220604T233057Z-001\\destkop linux\\..\\Downloads\\DS DSi - Pokemon Platinum - Jubilife City Buildings (1)\\Jubilife City Building 1\\c1_b01_3.png'
				texture type:  diffuseTexture, mapped using: "UVMap"
			processing texture c1_b01_4_lm3
				WARNING: Exception during copy:
					[Errno 2] No such file or directory: 'C:\\Users\\junio\\OneDrive\\Área de Trabalho\\destkop linux-20220604T233057Z-001\\destkop linux\\..\\Downloads\\DS DSi - Pokemon Platinum - Jubilife City Buildings (1)\\Jubilife City Building 5\\c1_b01_4_lm3.png'
				texture type:  diffuseTexture, mapped using: "UVMap"
			processing texture h_kage_lm3
				WARNING: Exception during copy:
					[Errno 2] No such file or directory: 'C:\\Users\\junio\\OneDrive\\Área de Trabalho\\destkop linux-20220604T233057Z-001\\destkop linux\\..\\Downloads\\DS DSi - Pokemon Platinum - Jubilife City Buildings (1)\\Jubilife City Building 5\\h_kage_lm3.png'
				texture type:  diffuseTexture, mapped using: "UVMap"
			processing texture c1_b02_1_lm3
				WARNING: Exception during copy:
					[Errno 2] No such file or directory: 'C:\\Users\\junio\\OneDrive\\Área de Trabalho\\destkop linux-20220604T233057Z-001\\destkop linux\\..\\Downloads\\DS DSi - Pokemon Platinum - Jubilife City Buildings (1)\\Jubilife City Building 5\\c1_b02_1_lm3.png'
				texture type:  diffuseTexture, mapped using: "UVMap"
			processing texture c1_b01_4_lm1
				WARNING: Exception during copy:
					[Errno 2] No such file or directory: 'C:\\Users\\junio\\OneDrive\\Área de Trabalho\\destkop linux-20220604T233057Z-001\\destkop linux\\..\\Downloads\\DS DSi - Pokemon Platinum - Jubilife City Buildings (1)\\Jubilife City Building 2\\c1_b01_4_lm1.png'
				texture type:  diffuseTexture, mapped using: "UVMap"
			processing texture h_kage_lm1
				WARNING: Exception during copy:
					[Errno 2] No such file or directory: 'C:\\Users\\junio\\OneDrive\\Área de Trabalho\\destkop linux-20220604T233057Z-001\\destkop linux\\..\\Downloads\\DS DSi - Pokemon Platinum - Jubilife City Buildings (1)\\Jubilife City Building 2\\h_kage_lm1.png'
				texture type:  diffuseTexture, mapped using: "UVMap"
			processing texture c1_b01_1_lm1
				WARNING: Exception during copy:
					[Errno 2] No such file or directory: 'C:\\Users\\junio\\OneDrive\\Área de Trabalho\\destkop linux-20220604T233057Z-001\\destkop linux\\..\\Downloads\\DS DSi - Pokemon Platinum - Jubilife City Buildings (1)\\Jubilife City Building 2\\c1_b01_1_lm1.png'
				texture type:  diffuseTexture, mapped using: "UVMap"
			processing texture c1_b01_3_lm1
				WARNING: Exception during copy:
					[Errno 2] No such file or directory: 'C:\\Users\\junio\\OneDrive\\Área de Trabalho\\destkop linux-20220604T233057Z-001\\destkop linux\\..\\Downloads\\DS DSi - Pokemon Platinum - Jubilife City Buildings (1)\\Jubilife City Building 2\\c1_b01_3_lm1.png'
				texture type:  diffuseTexture, mapped using: "UVMap"
			processing texture h_mado_lm1
				WARNING: Exception during copy:
					[Errno 2] No such file or directory: 'C:\\Users\\junio\\OneDrive\\Área de Trabalho\\destkop linux-20220604T233057Z-001\\destkop linux\\..\\Downloads\\DS DSi - Pokemon HeartGold SoulSilver - Goldenrod City Buildings\\Goldenrod City Building 1\\h_mado_lm1.png'
				texture type:  diffuseTexture, mapped using: "UVMap"
			processing texture h_kage_lm1
				WARNING: Exception during copy:
					[Errno 2] No such file or directory: 'C:\\Users\\junio\\OneDrive\\Área de Trabalho\\destkop linux-20220604T233057Z-001\\destkop linux\\..\\Downloads\\DS DSi - Pokemon HeartGold SoulSilver - Goldenrod City Buildings\\Goldenrod City Building 1\\h_kage_lm1.png'
				texture type:  diffuseTexture, mapped using: "UVMap"
			processing texture wak_h01_a_lm1
				WARNING: Exception during copy:
					[Errno 2] No such file or directory: 'C:\\Users\\junio\\OneDrive\\Área de Trabalho\\destkop linux-20220604T233057Z-001\\destkop linux\\..\\Downloads\\DS DSi - Pokemon HeartGold SoulSilver - Goldenrod City Buildings\\Goldenrod City Building 1\\wak_h01_a_lm1.png'
				texture type:  diffuseTexture, mapped using: "UVMap"
			processing texture c1_b01_4_lm3
				WARNING: Exception during copy:
					[Errno 2] No such file or directory: 'C:\\Users\\junio\\OneDrive\\Área de Trabalho\\destkop linux-20220604T233057Z-001\\destkop linux\\..\\Downloads\\DS DSi - Pokemon Platinum - Jubilife City Buildings (1)\\Jubilife City Building 3\\c1_b01_4_lm3.png'
				texture type:  diffuseTexture, mapped using: "UVMap"
			processing texture h_kage_lm3
				WARNING: Exception during copy:
					[Errno 2] No such file or directory: 'C:\\Users\\junio\\OneDrive\\Área de Trabalho\\destkop linux-20220604T233057Z-001\\destkop linux\\..\\Downloads\\DS DSi - Pokemon Platinum - Jubilife City Buildings (1)\\Jubilife City Building 3\\h_kage_lm3.png'
				texture type:  diffuseTexture, mapped using: "UVMap"
			processing texture c1_b02_1_lm3
				WARNING: Exception during copy:
					[Errno 2] No such file or directory: 'C:\\Users\\junio\\OneDrive\\Área de Trabalho\\destkop linux-20220604T233057Z-001\\destkop linux\\..\\Downloads\\DS DSi - Pokemon Platinum - Jubilife City Buildings (1)\\Jubilife City Building 3\\c1_b02_1_lm3.png'
				texture type:  diffuseTexture, mapped using: "UVMap"
		processing begun of multimaterial:  cidade1.Multimaterial#0
		Custom split normals with tangents being used
		num positions      :  4869
		num normals        :  4869
		num tangents       :  19476
		num uvs            :  9738
		num uvs2           :  0
		num colors         :  0
		num triangles      :  2598
========= Writing of JSON file started =========
	writing mesh:  Viridian City House
========= Writing of JSON file completed =========
========= end of processing =========
elapsed time:  0 min, 0.2306 secs
