Exporter version: 2.93.5, Blender version: 3.1.2
========= Conversion from Blender to Babylon.js =========
	Scene settings used :
		Inline textures     :  false
		Material Type       :  PBR
		Positions Precision :  4
		Normals Precision   :  3
		UVs Precision       :  3
		Vert Color Precision:  3
		Mat Weight Precision:  2
		Keep Z-up r-handed  :  no
		Texture directory   :  /home/alecell/projects/babylonjs/catrun/public/assets/scene-1/meshes/
	Python World class constructor completed
	WARNING: No active camera has been assigned, or is not in a currently enabled collection
	processing begun of mesh:  Plane
		processing begun of material:  Material.001
		processing begun of material:  h_mado
		processing begun of material:  h_kage
		processing begun of material:  h_in
		processing begun of material:  hdc_h01b
		processing begun of material:  h_mado.001
		processing begun of material:  h_kage.001
		processing begun of material:  hdc_h01b.001
		processing begun of material:  c5ch
		processing begun of material:  h_kage.002
		processing begun of material:  c5ch2
		processing begun of material:  c5ch3
		processing begun of material:  None
		processing begun of material:  h_mado.002
		processing begun of material:  h_kage.003
		processing begun of material:  c5house1a
		processing begun of material:  c5house1b
		processing begun of material:  h_mado.003
		processing begun of material:  h_kage.004
		processing begun of material:  c5house1a.001
		processing begun of material:  c5house1b.001
		processing begun of material:  h_mado.004
		processing begun of material:  h_kage.005
		processing begun of material:  en_h01a_2
		processing begun of material:  en_h01a_1
		processing begun of material:  h_mado.005
		processing begun of material:  h_kage.006
		processing begun of material:  en_h01a_2.001
		processing begun of material:  en_h01a_1.001
		processing begun of material:  h_kage.007
		processing begun of material:  h_mado.006
		processing begun of material:  c1_b01_1
		processing begun of material:  c1_b01_3
		processing begun of material:  c1_b01_4_lm3
		processing begun of material:  h_kage_lm3
		processing begun of material:  c1_b02_1_lm3
		processing begun of material:  c1_b01_4_lm1
		processing begun of material:  h_kage_lm1
		processing begun of material:  c1_b01_1_lm1
		processing begun of material:  c1_b01_3_lm1
		processing begun of material:  h_mado_lm1
		processing begun of material:  h_kage_lm1.001
		processing begun of material:  wak_h01_a_lm1
		processing begun of material:  c1_b01_4_lm3.001
		processing begun of material:  h_kage_lm3.001
		processing begun of material:  c1_b02_1_lm3.001
		processing begun of material:  mado
		processing begun of material:  kage
		processing begun of material:  lambert2
		processing begun of material:  lambert3
			processing texture h_mado
				texture type:  diffuseTexture, mapped using: "UVMap"
			processing texture h_kage
				texture type:  diffuseTexture, mapped using: "UVMap"
			processing texture h_in
				texture type:  diffuseTexture, mapped using: "UVMap"
			processing texture hdc_h01b
				texture type:  diffuseTexture, mapped using: "UVMap"
			processing texture h_mado
				texture type:  diffuseTexture, mapped using: "UVMap"
			processing texture h_kage
				texture type:  diffuseTexture, mapped using: "UVMap"
			processing texture hdc_h01b
				texture type:  diffuseTexture, mapped using: "UVMap"
			processing texture c5ch
				texture type:  diffuseTexture, mapped using: "UVMap"
			processing texture h_kage
				texture type:  diffuseTexture, mapped using: "UVMap"
			processing texture c5ch2
				texture type:  diffuseTexture, mapped using: "UVMap"
			processing texture c5ch3
				texture type:  diffuseTexture, mapped using: "UVMap"
			processing texture bus02
				texture type:  diffuseTexture, mapped using: "UVMap"
			processing texture h_mado
				texture type:  diffuseTexture, mapped using: "UVMap"
			processing texture h_kage
				texture type:  diffuseTexture, mapped using: "UVMap"
			processing texture c5house1a
				texture type:  diffuseTexture, mapped using: "UVMap"
			processing texture c5house1b
				texture type:  diffuseTexture, mapped using: "UVMap"
			processing texture h_mado
				texture type:  diffuseTexture, mapped using: "UVMap"
			processing texture h_kage
				texture type:  diffuseTexture, mapped using: "UVMap"
			processing texture c5house1a
				texture type:  diffuseTexture, mapped using: "UVMap"
			processing texture c5house1b
				texture type:  diffuseTexture, mapped using: "UVMap"
			processing texture h_mado
				texture type:  diffuseTexture, mapped using: "UVMap"
			processing texture h_kage
				texture type:  diffuseTexture, mapped using: "UVMap"
			processing texture en_h01a_2
				texture type:  diffuseTexture, mapped using: "UVMap"
			processing texture en_h01a_1
				texture type:  diffuseTexture, mapped using: "UVMap"
			processing texture h_mado
				texture type:  diffuseTexture, mapped using: "UVMap"
			processing texture h_kage
				texture type:  diffuseTexture, mapped using: "UVMap"
			processing texture en_h01a_2
				texture type:  diffuseTexture, mapped using: "UVMap"
			processing texture en_h01a_1
				texture type:  diffuseTexture, mapped using: "UVMap"
			processing texture h_kage
				texture type:  diffuseTexture, mapped using: "UVMap"
			processing texture h_mado
				texture type:  diffuseTexture, mapped using: "UVMap"
			processing texture c1_b01_1
				texture type:  diffuseTexture, mapped using: "UVMap"
			processing texture c1_b01_3
				texture type:  diffuseTexture, mapped using: "UVMap"
			processing texture c1_b01_4_lm3
				texture type:  diffuseTexture, mapped using: "UVMap"
			processing texture h_kage_lm3
				texture type:  diffuseTexture, mapped using: "UVMap"
			processing texture c1_b02_1_lm3
				texture type:  diffuseTexture, mapped using: "UVMap"
			processing texture c1_b01_4_lm1
				texture type:  diffuseTexture, mapped using: "UVMap"
			processing texture h_kage_lm1
				texture type:  diffuseTexture, mapped using: "UVMap"
			processing texture c1_b01_1_lm1
				texture type:  diffuseTexture, mapped using: "UVMap"
			processing texture c1_b01_3_lm1
				texture type:  diffuseTexture, mapped using: "UVMap"
			processing texture h_mado_lm1
				texture type:  diffuseTexture, mapped using: "UVMap"
			processing texture h_kage_lm1
				texture type:  diffuseTexture, mapped using: "UVMap"
			processing texture wak_h01_a_lm1
				texture type:  diffuseTexture, mapped using: "UVMap"
			processing texture c1_b01_4_lm3
				texture type:  diffuseTexture, mapped using: "UVMap"
			processing texture h_kage_lm3
				texture type:  diffuseTexture, mapped using: "UVMap"
			processing texture c1_b02_1_lm3
				texture type:  diffuseTexture, mapped using: "UVMap"
			processing texture mado
				texture type:  diffuseTexture, mapped using: "UVMap"
			processing texture kage
				texture type:  diffuseTexture, mapped using: "UVMap"
			processing texture lambert2
				texture type:  diffuseTexture, mapped using: "UVMap"
			processing texture lambert3
				texture type:  diffuseTexture, mapped using: "UVMap"
		processing begun of multimaterial:  city.Multimaterial#0
		Custom split normals with tangents being used
		num positions      :  6796
		num normals        :  6796
		num tangents       :  27184
		num uvs            :  13592
		num uvs2           :  0
		num colors         :  0
		num triangles      :  3374
========= Writing of JSON file started =========
	writing mesh:  Plane
========= Writing of JSON file completed =========
========= end of processing =========
elapsed time:  0 min, 0.24 secs
