Exporter version: 2.93.5, Blender version: 3.1.2
========= Conversion from Blender to Babylon.js =========
	Scene settings used :
		Inline textures     :  false
		Material Type       :  PBR
		Positions Precision :  4
		Normals Precision   :  3
		UVs Precision       :  3
		Vert Color Precision:  3
		Mat Weight Precision:  2
		Keep Z-up r-handed  :  no
		Texture directory   :  /home/alecell/projects/babylonjs/catrun/public/assets/scene-1/meshes/
	Python World class constructor completed
	processing begun of mesh:  FtrGarbagebag_A_01_low__mReBody
		processing begun of material:  mReBody
			processing texture 
				WARNING: Exception during copy:
					Error: Could not write image: Is a directory, '/home/alecell/projects/babylonjs/catrun/public/assets/scene-1/meshes/.'

				texture type:  diffuseTexture, mapped using: "UVMap"
		Custom split normals with tangents being used
		num positions      :  739
		num normals        :  739
		num tangents       :  2956
		num uvs            :  1478
		num uvs2           :  0
		num colors         :  0
		num triangles      :  1178
	processing begun of camera (UniversalCamera):  Camera
	processing begun of light (POINT):  Light
========= Writing of JSON file started =========
	writing mesh:  FtrGarbagebag_A_01_low__mReBody
========= Writing of JSON file completed =========
========= end of processing =========
elapsed time:  0 min, 0.0542 secs
