Exporter version: 2.93.5, Blender version: 3.2.0
========= Conversion from Blender to Babylon.js =========
	Scene settings used :
		Inline textures     :  false
		Material Type       :  PBR
		Positions Precision :  4
		Normals Precision   :  3
		UVs Precision       :  3
		Vert Color Precision:  3
		Mat Weight Precision:  2
		Keep Z-up r-handed  :  no
		Texture directory   :  C:\Users\junio\OneDrive\Área de Trabalho\
	Python World class constructor completed
	WARNING: No active camera has been assigned, or is not in a currently enabled collection
	processing begun of mesh:  FtrGarbagebag_A_01_low__mReBody
		processing begun of material:  mReBody
			processing texture mReBody_Alb
				texture type:  diffuseTexture, mapped using: "FtrGarbagebag_A_01_low__mReBody-texcoord"
		num positions      :  739
		num normals        :  739
		num tangents       :  0
		num uvs            :  1478
		num uvs2           :  0
		num colors         :  0
		num triangles      :  1178
========= Writing of JSON file started =========
	writing mesh:  FtrGarbagebag_A_01_low__mReBody
========= Writing of JSON file completed =========
========= end of processing =========
elapsed time:  0 min, 0.0472 secs
