Exporter version: 2.93.5, Blender version: 3.2.0
========= Conversion from Blender to Babylon.js =========
	Scene settings used :
		Inline textures     :  false
		Material Type       :  PBR
		Positions Precision :  4
		Normals Precision   :  3
		UVs Precision       :  3
		Vert Color Precision:  3
		Mat Weight Precision:  2
		Keep Z-up r-handed  :  no
		Texture directory   :  C:\Users\junio\OneDrive\Área de Trabalho\
	Python World class constructor completed
	WARNING: No active camera has been assigned, or is not in a currently enabled collection
	processing begun of mesh:  bucket
		processing begun of material:  ShantyProps_Interior_MAT
			processing texture Interior_Props_NORM
				texture type:  bumpTexture, mapped using: "UVMap"
			processing texture Interior_Props_DIFF
				texture type:  diffuseTexture, mapped using: "UVMap"
		Custom split normals with tangents being used
		num positions      :  782
		num normals        :  782
		num tangents       :  3128
		num uvs            :  1564
		num uvs2           :  0
		num colors         :  0
		num triangles      :  264
========= Writing of JSON file started =========
	writing mesh:  bucket
========= Writing of JSON file completed =========
========= end of processing =========
elapsed time:  0 min, 0.1441 secs
