Exporter version: 2.93.5, Blender version: 3.2.0
========= Conversion from Blender to Babylon.js =========
	Scene settings used :
		Inline textures     :  false
		Material Type       :  PBR
		Positions Precision :  4
		Normals Precision   :  3
		UVs Precision       :  3
		Vert Color Precision:  3
		Mat Weight Precision:  2
		Keep Z-up r-handed  :  no
		Texture directory   :  C:\Users\junio\OneDrive\Área de Trabalho\
	Python World class constructor completed
	WARNING: No active camera has been assigned, or is not in a currently enabled collection
	processing begun of mesh:  mesh1
		processing begun of material:  c1200_0
			processing texture c4190_n
				texture type:  bumpTexture, mapped using: "UVMap"
			processing texture c4190
				texture type:  diffuseTexture, mapped using: "UVMap"
			processing texture c4190_s
				texture type:  specularTexture, mapped using: "UVMap"
		Custom split normals with tangents being used
		num positions      :  2685
		num normals        :  2685
		num tangents       :  10740
		num uvs            :  5370
		num uvs2           :  0
		num colors         :  0
		num triangles      :  2926
========= Writing of JSON file started =========
	writing mesh:  mesh1
========= Writing of JSON file completed =========
========= end of processing =========
elapsed time:  0 min, 0.2135 secs
