Exporter version: 2.93.5, Blender version: 3.2.0
========= Conversion from Blender to Babylon.js =========
	Scene settings used :
		Inline textures     :  false
		Material Type       :  PBR
		Positions Precision :  4
		Normals Precision   :  3
		UVs Precision       :  3
		Vert Color Precision:  3
		Mat Weight Precision:  2
		Keep Z-up r-handed  :  no
		Texture directory   :  C:\Users\junio\OneDrive\Área de Trabalho\
	Python World class constructor completed
	WARNING: No active camera has been assigned, or is not in a currently enabled collection
	processing begun of mesh:  Cone
		processing begun of material:  _SG_level_assets
			processing texture SG_level_assets
				texture type:  diffuseTexture, mapped using: "UVMap"
		Custom split normals with tangents being used
		num positions      :  102
		num normals        :  102
		num tangents       :  408
		num uvs            :  204
		num uvs2           :  0
		num colors         :  0
		num triangles      :  88
========= Writing of JSON file started =========
	writing mesh:  Cone
========= Writing of JSON file completed =========
========= end of processing =========
elapsed time:  0 min, 0.0681 secs
